<?xml version="1.0" encoding="UTF-8"?>
<!-- Generated by org.testng.reporters.JUnitXMLReporter -->
<testsuite ignored="0" hostname="ADMINRG-KGQ9CML" failures="1" tests="1" name="Test2" time="2.03" errors="0" timestamp="2023-10-01T09:05:05 CEST">
  <testcase classname="Tests.test2" name="testTwo" time="1.777">
    <failure type="java.lang.AssertionError" message="expected [false] but found [true]">
      <![CDATA[java.lang.AssertionError: expected [false] but found [true]
at Tests.test2.testTwo(test2.java:23)
at java.base/java.util.ArrayList.forEach(ArrayList.java:1511)
... Removed 31 stack frames]]>
    </failure>
  </testcase> <!-- testTwo -->
</testsuite> <!-- Test2 -->
