<?xml version="1.0" encoding="UTF-8"?>
<!-- Generated by org.testng.reporters.JUnitXMLReporter -->
<testsuite ignored="0" hostname="ADMINRG-KGQ9CML" failures="1" tests="2" name="Test" time="10.008" errors="0" timestamp="2023-10-01T16:10:44 CEST">
  <testcase classname="Tests.test2" name="testTwo" time="4.793">
    <failure type="java.lang.AssertionError" message="expected [false] but found [true]">
      <![CDATA[java.lang.AssertionError: expected [false] but found [true]
at Tests.test2.testTwo(test2.java:24)
at java.base/java.util.ArrayList.forEach(ArrayList.java:1511)
... Removed 35 stack frames]]>
    </failure>
  </testcase> <!-- testTwo -->
  <testcase classname="Tests.LoginTest" name="login" time="1.499"/>
</testsuite> <!-- Test -->
