<?xml version="1.0" encoding="UTF-8"?>
<testng-results ignored="0" total="1" passed="1" failed="0" skipped="0">
  <reporter-output>
  </reporter-output>
  <suite started-at="2023-10-02T21:20:25 CEST" name="Suite" finished-at="2023-10-02T21:20:33 CEST" duration-ms="8010">
    <groups>
      <group name="cucumber">
        <method signature="AbstractTestNGCucumberTests.runScenario(io.cucumber.testng.PickleWrapper,io.cucumber.testng.FeatureWrapper)[pri:0, instance:Runner.runner@3c19aaa5]" name="runScenario" class="io.cucumber.testng.AbstractTestNGCucumberTests"/>
      </group> <!-- cucumber -->
    </groups>
    <test started-at="2023-10-02T21:20:25 CEST" name="Test1" finished-at="2023-10-02T21:20:33 CEST" duration-ms="8010">
      <class name="Runner.runner">
        <test-method is-config="true" signature="setUpClass(org.testng.ITestContext)[pri:0, instance:Runner.runner@3c19aaa5]" started-at="2023-10-02T21:20:25 CEST" name="setUpClass" finished-at="2023-10-02T21:20:25 CEST" duration-ms="190" status="PASS">
          <params>
            <param index="0">
              <value>
                <![CDATA[org.testng.TestRunner@5ff6dd3c]]>
              </value>
            </param>
          </params>
          <reporter-output>
          </reporter-output>
        </test-method> <!-- setUpClass -->
        <test-method signature="runScenario(io.cucumber.testng.PickleWrapper,io.cucumber.testng.FeatureWrapper)[pri:0, instance:Runner.runner@3c19aaa5]" started-at="2023-10-02T21:20:25 CEST" name="runScenario" description="Runs Cucumber Scenarios" data-provider="scenarios" finished-at="2023-10-02T21:20:33 CEST" duration-ms="7784" status="PASS">
          <params>
            <param index="0">
              <value>
                <![CDATA["Login with valid credentials"]]>
              </value>
            </param>
            <param index="1">
              <value>
                <![CDATA["Application Login"]]>
              </value>
            </param>
          </params>
          <reporter-output>
          </reporter-output>
        </test-method> <!-- runScenario -->
        <test-method is-config="true" signature="tearDownClass()[pri:0, instance:Runner.runner@3c19aaa5]" started-at="2023-10-02T21:20:33 CEST" name="tearDownClass" finished-at="2023-10-02T21:20:33 CEST" duration-ms="2" status="PASS">
          <reporter-output>
          </reporter-output>
        </test-method> <!-- tearDownClass -->
      </class> <!-- Runner.runner -->
    </test> <!-- Test1 -->
  </suite> <!-- Suite -->
</testng-results>
